#
# There is insufficient memory for the Java Runtime Environment to continue.
# Native memory allocation (malloc) failed to allocate 2103056 bytes for Chunk::new
# Possible reasons:
#   The system is out of physical RAM or swap space
#   In 32 bit mode, the process size limit was hit
# Possible solutions:
#   Reduce memory load on the system
#   Increase physical memory or swap space
#   Check if swap backing store is full
#   Use 64 bit Java on a 64 bit OS
#   Decrease Java heap size (-Xmx/-Xms)
#   Decrease number of Java threads
#   Decrease Java thread stack sizes (-Xss)
#   Set larger code cache with -XX:ReservedCodeCacheSize=
# This output file may be truncated or incomplete.
#
#  Out of Memory Error (allocation.cpp:390), pid=1084, tid=11024
#
# JRE version: Java(TM) SE Runtime Environment (8.0_51-b16) (build 1.8.0_51-b16)
# Java VM: Java HotSpot(TM) 64-Bit Server VM (25.51-b03 mixed mode windows-amd64 compressed oops)
# Failed to write core dump. Minidumps are not enabled by default on client versions of Windows
#

---------------  T H R E A D  ---------------

Current thread (0x0000000019456800):  JavaThread "C2 CompilerThread1" daemon [_thread_in_native, id=11024, stack(0x000000001abb0000,0x000000001acb0000)]

Stack: [0x000000001abb0000,0x000000001acb0000]
Native frames: (J=compiled Java code, j=interpreted, Vv=VM code, C=native code)
V  [jvm.dll+0x32b4ca]
V  [jvm.dll+0x2797e3]
V  [jvm.dll+0x27a479]
V  [jvm.dll+0x271765]
V  [jvm.dll+0xcba02]
V  [jvm.dll+0xcbecc]
V  [jvm.dll+0x492a7c]
V  [jvm.dll+0x45f7bf]
V  [jvm.dll+0x46a7cb]
V  [jvm.dll+0x46cde2]
V  [jvm.dll+0x4501a2]
V  [jvm.dll+0xa43a2]
V  [jvm.dll+0xa4cdf]
V  [jvm.dll+0x2418a4]
V  [jvm.dll+0x29846a]
C  [msvcr100.dll+0x21d9f]
C  [msvcr100.dll+0x21e3b]
C  [KERNEL32.DLL+0x11fe4]
C  [ntdll.dll+0x6efc1]


Current CompileTask:
C2:   3781 1837       4       java.net.URLClassLoader$1::run (5 bytes)


---------------  P R O C E S S  ---------------

Java Threads: ( => current thread )
  0x000000001add0800 JavaThread "Service Thread" daemon [_thread_blocked, id=14780, stack(0x000000001b1b0000,0x000000001b2b0000)]
  0x000000001945d000 JavaThread "C1 CompilerThread2" daemon [_thread_blocked, id=1696, stack(0x000000001acb0000,0x000000001adb0000)]
=>0x0000000019456800 JavaThread "C2 CompilerThread1" daemon [_thread_in_native, id=11024, stack(0x000000001abb0000,0x000000001acb0000)]
  0x0000000019454000 JavaThread "C2 CompilerThread0" daemon [_thread_blocked, id=9680, stack(0x000000001aab0000,0x000000001abb0000)]
  0x0000000019453000 JavaThread "Attach Listener" daemon [_thread_blocked, id=6488, stack(0x000000001a9b0000,0x000000001aab0000)]
  0x0000000019451800 JavaThread "Signal Dispatcher" daemon [_thread_blocked, id=10388, stack(0x000000001a8b0000,0x000000001a9b0000)]
  0x00000000048dd800 JavaThread "Finalizer" daemon [_thread_blocked, id=5460, stack(0x000000001a6b0000,0x000000001a7b0000)]
  0x0000000019418800 JavaThread "Reference Handler" daemon [_thread_blocked, id=6136, stack(0x000000001a5b0000,0x000000001a6b0000)]
  0x00000000047e4800 JavaThread "main" [_thread_blocked, id=15328, stack(0x00000000046e0000,0x00000000047e0000)]

Other Threads:
  0x0000000019417000 VMThread [stack: 0x000000001a4b0000,0x000000001a5b0000] [id=10016]
  0x00000000194ad000 WatcherThread [stack: 0x000000001b2b0000,0x000000001b3b0000] [id=2472]

VM state:at safepoint (normal execution)

VM Mutex/Monitor currently owned by a thread:  ([mutex/lock_event])
[0x00000000047e1750] Threads_lock - owner thread: 0x0000000019417000
[0x00000000047e20d0] Heap_lock - owner thread: 0x00000000047e4800

Heap:
 PSYoungGen      total 38400K, used 5039K [0x00000000d5c00000, 0x00000000d8680000, 0x0000000100000000)
  eden space 33280K, 0% used [0x00000000d5c00000,0x00000000d5c00000,0x00000000d7c80000)
  from space 5120K, 98% used [0x00000000d7c80000,0x00000000d816be18,0x00000000d8180000)
  to   space 5120K, 0% used [0x00000000d8180000,0x00000000d8180000,0x00000000d8680000)
 ParOldGen       total 66048K, used 10746K [0x0000000081400000, 0x0000000085480000, 0x00000000d5c00000)
  object space 66048K, 16% used [0x0000000081400000,0x0000000081e7e8d0,0x0000000085480000)
 Metaspace       used 24851K, capacity 25300K, committed 25472K, reserved 1071104K
  class space    used 3042K, capacity 3184K, committed 3200K, reserved 1048576K

Card table byte_map: [0x0000000013ca0000,0x00000000140a0000] byte_map_base: 0x0000000013896000

Marking Bits: (ParMarkBitMap*) 0x000000006e2c4040
 Begin Bits: [0x0000000014750000, 0x0000000016700000)
 End Bits:   [0x0000000016700000, 0x00000000186b0000)

Polling page: 0x0000000002900000

CodeCache: size=245760Kb used=6205Kb max_used=6218Kb free=239554Kb
 bounds [0x00000000048e0000, 0x0000000004f00000, 0x00000000138e0000]
 total_blobs=2440 nmethods=2026 adapters=326
 compilation: enabled

Compilation events (10 events):
Event: 3.732 Thread 0x000000001945d000 nmethod 2018 0x0000000004eedf90 code [0x0000000004eee0e0, 0x0000000004eee1d0]
Event: 3.740 Thread 0x0000000019454000 nmethod 1996 0x0000000004ef3d10 code [0x0000000004ef3ec0, 0x0000000004ef4460]
Event: 3.740 Thread 0x0000000019454000 2005   !   4       java.util.AbstractList$Itr::next (45 bytes)
Event: 3.742 Thread 0x0000000019454000 nmethod 2005 0x0000000004eed650 code [0x0000000004eed7c0, 0x0000000004eed9e8]
Event: 3.742 Thread 0x0000000019454000 2002       4       org.jetbrains.kotlin.protobuf.CodedInputStream::isAtEnd (25 bytes)
Event: 3.747 Thread 0x0000000019454000 nmethod 2002 0x0000000004ef4b90 code [0x0000000004ef4d20, 0x0000000004ef5090]
Event: 3.747 Thread 0x0000000019454000 1988       4       java.lang.ClassLoader::getClassLoadingLock (35 bytes)
Event: 3.749 Thread 0x0000000019454000 nmethod 1988 0x0000000004ef0c90 code [0x0000000004ef0de0, 0x0000000004ef0f08]
Event: 3.750 Thread 0x0000000019454000 1985       4       java.util.zip.ZipCoder::getBytes (192 bytes)
Event: 3.758 Thread 0x0000000019454000 nmethod 1985 0x0000000004ef1b10 code [0x0000000004ef1cc0, 0x0000000004ef2270]

GC Heap History (10 events):
Event: 1.190 GC heap before
{Heap before GC invocations=1 (full 0):
 PSYoungGen      total 38400K, used 33280K [0x00000000d5c00000, 0x00000000d8680000, 0x0000000100000000)
  eden space 33280K, 100% used [0x00000000d5c00000,0x00000000d7c80000,0x00000000d7c80000)
  from space 5120K, 0% used [0x00000000d8180000,0x00000000d8180000,0x00000000d8680000)
  to   space 5120K, 0% used [0x00000000d7c80000,0x00000000d7c80000,0x00000000d8180000)
 ParOldGen       total 87552K, used 0K [0x0000000081400000, 0x0000000086980000, 0x00000000d5c00000)
  object space 87552K, 0% used [0x0000000081400000,0x0000000081400000,0x0000000086980000)
 Metaspace       used 10218K, capacity 10332K, committed 10496K, reserved 1058816K
  class space    used 1149K, capacity 1212K, committed 1280K, reserved 1048576K
Event: 1.200 GC heap after
Heap after GC invocations=1 (full 0):
 PSYoungGen      total 38400K, used 5096K [0x00000000d5c00000, 0x00000000d8680000, 0x0000000100000000)
  eden space 33280K, 0% used [0x00000000d5c00000,0x00000000d5c00000,0x00000000d7c80000)
  from space 5120K, 99% used [0x00000000d7c80000,0x00000000d817a380,0x00000000d8180000)
  to   space 5120K, 0% used [0x00000000d8180000,0x00000000d8180000,0x00000000d8680000)
 ParOldGen       total 87552K, used 2754K [0x0000000081400000, 0x0000000086980000, 0x00000000d5c00000)
  object space 87552K, 3% used [0x0000000081400000,0x00000000816b0920,0x0000000086980000)
 Metaspace       used 10218K, capacity 10332K, committed 10496K, reserved 1058816K
  class space    used 1149K, capacity 1212K, committed 1280K, reserved 1048576K
}
Event: 2.115 GC heap before
{Heap before GC invocations=2 (full 0):
 PSYoungGen      total 38400K, used 38376K [0x00000000d5c00000, 0x00000000d8680000, 0x0000000100000000)
  eden space 33280K, 100% used [0x00000000d5c00000,0x00000000d7c80000,0x00000000d7c80000)
  from space 5120K, 99% used [0x00000000d7c80000,0x00000000d817a380,0x00000000d8180000)
  to   space 5120K, 0% used [0x00000000d8180000,0x00000000d8180000,0x00000000d8680000)
 ParOldGen       total 87552K, used 2754K [0x0000000081400000, 0x0000000086980000, 0x00000000d5c00000)
  object space 87552K, 3% used [0x0000000081400000,0x00000000816b0920,0x0000000086980000)
 Metaspace       used 16586K, capacity 16964K, committed 17280K, reserved 1064960K
  class space    used 1982K, capacity 2083K, committed 2176K, reserved 1048576K
Event: 2.127 GC heap after
Heap after GC invocations=2 (full 0):
 PSYoungGen      total 38400K, used 5104K [0x00000000d5c00000, 0x00000000d8680000, 0x0000000100000000)
  eden space 33280K, 0% used [0x00000000d5c00000,0x00000000d5c00000,0x00000000d7c80000)
  from space 5120K, 99% used [0x00000000d8180000,0x00000000d867c010,0x00000000d8680000)
  to   space 5120K, 0% used [0x00000000d7c80000,0x00000000d7c80000,0x00000000d8180000)
 ParOldGen       total 87552K, used 7939K [0x0000000081400000, 0x0000000086980000, 0x00000000d5c00000)
  object space 87552K, 9% used [0x0000000081400000,0x0000000081bc0e68,0x0000000086980000)
 Metaspace       used 16586K, capacity 16964K, committed 17280K, reserved 1064960K
  class space    used 1982K, capacity 2083K, committed 2176K, reserved 1048576K
}
Event: 2.579 GC heap before
{Heap before GC invocations=3 (full 0):
 PSYoungGen      total 38400K, used 19904K [0x00000000d5c00000, 0x00000000d8680000, 0x0000000100000000)
  eden space 33280K, 44% used [0x00000000d5c00000,0x00000000d6a741a8,0x00000000d7c80000)
  from space 5120K, 99% used [0x00000000d8180000,0x00000000d867c010,0x00000000d8680000)
  to   space 5120K, 0% used [0x00000000d7c80000,0x00000000d7c80000,0x00000000d8180000)
 ParOldGen       total 87552K, used 7939K [0x0000000081400000, 0x0000000086980000, 0x00000000d5c00000)
  object space 87552K, 9% used [0x0000000081400000,0x0000000081bc0e68,0x0000000086980000)
 Metaspace       used 20797K, capacity 21162K, committed 21296K, reserved 1069056K
  class space    used 2523K, capacity 2655K, committed 2688K, reserved 1048576K
Event: 2.589 GC heap after
Heap after GC invocations=3 (full 0):
 PSYoungGen      total 38400K, used 5115K [0x00000000d5c00000, 0x00000000d8680000, 0x0000000100000000)
  eden space 33280K, 0% used [0x00000000d5c00000,0x00000000d5c00000,0x00000000d7c80000)
  from space 5120K, 99% used [0x00000000d7c80000,0x00000000d817ef00,0x00000000d8180000)
  to   space 5120K, 0% used [0x00000000d8180000,0x00000000d8180000,0x00000000d8680000)
 ParOldGen       total 87552K, used 11351K [0x0000000081400000, 0x0000000086980000, 0x00000000d5c00000)
  object space 87552K, 12% used [0x0000000081400000,0x0000000081f15c80,0x0000000086980000)
 Metaspace       used 20797K, capacity 21162K, committed 21296K, reserved 1069056K
  class space    used 2523K, capacity 2655K, committed 2688K, reserved 1048576K
}
Event: 2.589 GC heap before
{Heap before GC invocations=4 (full 1):
 PSYoungGen      total 38400K, used 5115K [0x00000000d5c00000, 0x00000000d8680000, 0x0000000100000000)
  eden space 33280K, 0% used [0x00000000d5c00000,0x00000000d5c00000,0x00000000d7c80000)
  from space 5120K, 99% used [0x00000000d7c80000,0x00000000d817ef00,0x00000000d8180000)
  to   space 5120K, 0% used [0x00000000d8180000,0x00000000d8180000,0x00000000d8680000)
 ParOldGen       total 87552K, used 11351K [0x0000000081400000, 0x0000000086980000, 0x00000000d5c00000)
  object space 87552K, 12% used [0x0000000081400000,0x0000000081f15c80,0x0000000086980000)
 Metaspace       used 20797K, capacity 21162K, committed 21296K, reserved 1069056K
  class space    used 2523K, capacity 2655K, committed 2688K, reserved 1048576K
Event: 2.635 GC heap after
Heap after GC invocations=4 (full 1):
 PSYoungGen      total 38400K, used 0K [0x00000000d5c00000, 0x00000000d8680000, 0x0000000100000000)
  eden space 33280K, 0% used [0x00000000d5c00000,0x00000000d5c00000,0x00000000d7c80000)
  from space 5120K, 0% used [0x00000000d7c80000,0x00000000d7c80000,0x00000000d8180000)
  to   space 5120K, 0% used [0x00000000d8180000,0x00000000d8180000,0x00000000d8680000)
 ParOldGen       total 66048K, used 8405K [0x0000000081400000, 0x0000000085480000, 0x00000000d5c00000)
  object space 66048K, 12% used [0x0000000081400000,0x0000000081c35760,0x0000000085480000)
 Metaspace       used 20797K, capacity 21162K, committed 21296K, reserved 1069056K
  class space    used 2523K, capacity 2655K, committed 2688K, reserved 1048576K
}
Event: 3.662 GC heap before
{Heap before GC invocations=5 (full 1):
 PSYoungGen      total 38400K, used 33280K [0x00000000d5c00000, 0x00000000d8680000, 0x0000000100000000)
  eden space 33280K, 100% used [0x00000000d5c00000,0x00000000d7c80000,0x00000000d7c80000)
  from space 5120K, 0% used [0x00000000d7c80000,0x00000000d7c80000,0x00000000d8180000)
  to   space 5120K, 0% used [0x00000000d8180000,0x00000000d8180000,0x00000000d8680000)
 ParOldGen       total 66048K, used 8405K [0x0000000081400000, 0x0000000085480000, 0x00000000d5c00000)
  object space 66048K, 12% used [0x0000000081400000,0x0000000081c35760,0x0000000085480000)
 Metaspace       used 24238K, capacity 24700K, committed 24960K, reserved 1071104K
  class space    used 2962K, capacity 3116K, committed 3200K, reserved 1048576K
Event: 3.672 GC heap after
Heap after GC invocations=5 (full 1):
 PSYoungGen      total 38400K, used 5098K [0x00000000d5c00000, 0x00000000d8680000, 0x0000000100000000)
  eden space 33280K, 0% used [0x00000000d5c00000,0x00000000d5c00000,0x00000000d7c80000)
  from space 5120K, 99% used [0x00000000d8180000,0x00000000d867a860,0x00000000d8680000)
  to   space 5120K, 0% used [0x00000000d7c80000,0x00000000d7c80000,0x00000000d8180000)
 ParOldGen       total 66048K, used 10746K [0x0000000081400000, 0x0000000085480000, 0x00000000d5c00000)
  object space 66048K, 16% used [0x0000000081400000,0x0000000081e7e8d0,0x0000000085480000)
 Metaspace       used 24238K, capacity 24700K, committed 24960K, reserved 1071104K
  class space    used 2962K, capacity 3116K, committed 3200K, reserved 1048576K
}

Deoptimization events (10 events):
Event: 3.710 Thread 0x00000000047e4800 Uncommon trap: reason=class_check action=maybe_recompile pc=0x0000000004ea57e8 method=org.jetbrains.kotlin.protobuf.CodedInputStream.tryRefillBuffer(I)Z @ 177
Event: 3.712 Thread 0x00000000047e4800 Uncommon trap: reason=bimorphic action=maybe_recompile pc=0x0000000004e55764 method=java.util.AbstractList$Itr.hasNext()Z @ 8
Event: 3.712 Thread 0x00000000047e4800 Uncommon trap: reason=bimorphic action=maybe_recompile pc=0x0000000004e55764 method=java.util.AbstractList$Itr.hasNext()Z @ 8
Event: 3.712 Thread 0x00000000047e4800 Uncommon trap: reason=bimorphic action=maybe_recompile pc=0x0000000004e56624 method=java.util.AbstractList$Itr.next()Ljava/lang/Object; @ 14
Event: 3.713 Thread 0x00000000047e4800 Uncommon trap: reason=bimorphic action=maybe_recompile pc=0x0000000004e55764 method=java.util.AbstractList$Itr.hasNext()Z @ 8
Event: 3.714 Thread 0x00000000047e4800 Uncommon trap: reason=class_check action=maybe_recompile pc=0x0000000004ea57e8 method=org.jetbrains.kotlin.protobuf.CodedInputStream.tryRefillBuffer(I)Z @ 177
Event: 3.714 Thread 0x00000000047e4800 Uncommon trap: reason=bimorphic action=maybe_recompile pc=0x0000000004e55764 method=java.util.AbstractList$Itr.hasNext()Z @ 8
Event: 3.715 Thread 0x00000000047e4800 Uncommon trap: reason=bimorphic action=maybe_recompile pc=0x0000000004e56624 method=java.util.AbstractList$Itr.next()Ljava/lang/Object; @ 14
Event: 3.715 Thread 0x00000000047e4800 Uncommon trap: reason=bimorphic action=maybe_recompile pc=0x0000000004e56624 method=java.util.AbstractList$Itr.next()Ljava/lang/Object; @ 14
Event: 3.715 Thread 0x00000000047e4800 Uncommon trap: reason=bimorphic action=maybe_recompile pc=0x0000000004e56624 method=java.util.AbstractList$Itr.next()Ljava/lang/Object; @ 14

Internal exceptions (10 events):
Event: 0.682 Thread 0x00000000047e4800 Exception <a 'java/security/PrivilegedActionException'> (0x00000000d6d84c48) thrown at [C:\re\workspace\8-2-build-windows-amd64-cygwin\jdk8u51\3951\hotspot\src\share\vm\prims\jvm.cpp, line 1382]
Event: 0.683 Thread 0x00000000047e4800 Exception <a 'java/security/PrivilegedActionException'> (0x00000000d6d89020) thrown at [C:\re\workspace\8-2-build-windows-amd64-cygwin\jdk8u51\3951\hotspot\src\share\vm\prims\jvm.cpp, line 1382]
Event: 0.683 Thread 0x00000000047e4800 Exception <a 'java/security/PrivilegedActionException'> (0x00000000d6d894f8) thrown at [C:\re\workspace\8-2-build-windows-amd64-cygwin\jdk8u51\3951\hotspot\src\share\vm\prims\jvm.cpp, line 1382]
Event: 1.005 Thread 0x00000000047e4800 Exception <a 'java/lang/ArrayIndexOutOfBoundsException'> (0x00000000d76c2598) thrown at [C:\re\workspace\8-2-build-windows-amd64-cygwin\jdk8u51\3951\hotspot\src\share\vm\runtime\sharedRuntime.cpp, line 605]
Event: 1.332 Thread 0x00000000047e4800 Exception <a 'java/lang/ArrayIndexOutOfBoundsException'> (0x00000000d6016480) thrown at [C:\re\workspace\8-2-build-windows-amd64-cygwin\jdk8u51\3951\hotspot\src\share\vm\runtime\sharedRuntime.cpp, line 605]
Event: 2.057 Thread 0x00000000047e4800 Exception <a 'java/lang/NoSuchMethodError': java.lang.Object.lambda$comparing$77a9974f$1(Ljava/util/function/Function;Ljava/lang/Object;Ljava/lang/Object;)I> (0x00000000d79dd2e8) thrown at [C:\re\workspace\8-2-build-windows-amd64-cygwin\jdk8u51\3951\hotspo]l‹i∆ô
Event: 2.075 Thread 0x00000000047e4800 Exception <a 'java/lang/NoSuchMethodError': java.lang.Object.lambda$static$0()J> (0x00000000d7ad3c50) thrown at [C:\re\workspace\8-2-build-windows-amd64-cygwin\jdk8u51\3951\hotspot\src\share\vm\interpreter\linkResolver.cpp, line 582]
Event: 2.293 Thread 0x00000000047e4800 Exception <a 'java/lang/NoSuchMethodError': java.lang.Object.lambda$static$0(I)[Lorg/jetbrains/kotlin/com/intellij/openapi/editor/event/DocumentListener;> (0x00000000d61a2120) thrown at [C:\re\workspace\8-2-build-windows-amd64-cygwin\jdk8u51\3951\hotspot\sâÛné≤ß@
Event: 2.332 Thread 0x00000000047e4800 Exception <a 'java/lang/NoSuchMethodError': java.lang.Object.lambda$static$0(I)[Lorg/jetbrains/kotlin/com/intellij/psi/PsiElement;> (0x00000000d63be9d8) thrown at [C:\re\workspace\8-2-build-windows-amd64-cygwin\jdk8u51\3951\hotspot\src\share\vm\interpreterÿ/V-=™@
Event: 2.333 Thread 0x00000000047e4800 Exception <a 'java/lang/NoSuchMethodError': java.lang.Object.lambda$static$0(I)[Lorg/jetbrains/kotlin/com/intellij/psi/PsiAnnotation;> (0x00000000d63f7c00) thrown at [C:\re\workspace\8-2-build-windows-amd64-cygwin\jdk8u51\3951\hotspot\src\share\vm\interpreÒ]Ë6¡’Â?

Events (10 events):
Event: 3.757 loading class org/jetbrains/kotlin/resolve/jvm/checkers/MissingBuiltInDeclarationChecker$ClassifierUsage
Event: 3.757 loading class org/jetbrains/kotlin/resolve/jvm/checkers/MissingBuiltInDeclarationChecker$ClassifierUsage done
Event: 3.758 loading class org/jetbrains/kotlin/resolve/AdditionalAnnotationChecker
Event: 3.758 loading class org/jetbrains/kotlin/resolve/AdditionalAnnotationChecker done
Event: 3.758 loading class org/jetbrains/kotlin/resolve/jvm/checkers/RepeatableAnnotationChecker
Event: 3.758 loading class org/jetbrains/kotlin/resolve/jvm/checkers/RepeatableAnnotationChecker done
Event: 3.758 loading class org/jetbrains/kotlin/resolve/jvm/checkers/FileClassAnnotationsChecker
Event: 3.758 loading class org/jetbrains/kotlin/resolve/jvm/checkers/FileClassAnnotationsChecker done
Event: 3.759 loading class org/jetbrains/kotlin/fileClasses/JvmFileClassUtil
Event: 3.759 loading class org/jetbrains/kotlin/fileClasses/JvmFileClassUtil done


Dynamic libraries:
0x00007ff675680000 - 0x00007ff6756b7000 	C:\Program Files\Java\jdk1.8.0_51\jre\bin\java.exe
0x00007ff882f70000 - 0x00007ff883150000 	C:\WINDOWS\SYSTEM32\ntdll.dll
0x00007ff881aa0000 - 0x00007ff881b4e000 	C:\WINDOWS\System32\KERNEL32.DLL
0x00007ff87ff60000 - 0x00007ff8801c6000 	C:\WINDOWS\System32\KERNELBASE.dll
0x00007ff882a10000 - 0x00007ff882ab1000 	C:\WINDOWS\System32\ADVAPI32.dll
0x00007ff882720000 - 0x00007ff8827bd000 	C:\WINDOWS\System32\msvcrt.dll
0x00007ff882020000 - 0x00007ff88207b000 	C:\WINDOWS\System32\sechost.dll
0x00007ff882e10000 - 0x00007ff882f2f000 	C:\WINDOWS\System32\RPCRT4.dll
0x00007ff882c80000 - 0x00007ff882e0f000 	C:\WINDOWS\System32\USER32.dll
0x00007ff87f3f0000 - 0x00007ff87f410000 	C:\WINDOWS\System32\win32u.dll
0x00007ff8829e0000 - 0x00007ff882a08000 	C:\WINDOWS\System32\GDI32.dll
0x00007ff87fb60000 - 0x00007ff87fcf3000 	C:\WINDOWS\System32\gdi32full.dll
0x00007ff8803a0000 - 0x00007ff88043b000 	C:\WINDOWS\System32\msvcp_win.dll
0x00007ff87fd50000 - 0x00007ff87fe46000 	C:\WINDOWS\System32\ucrtbase.dll
0x00007ff8714b0000 - 0x00007ff871719000 	C:\WINDOWS\WinSxS\amd64_microsoft.windows.common-controls_6595b64144ccf1df_6.0.16299.248_none_15ced204935f55d7\COMCTL32.dll
0x00007ff882410000 - 0x00007ff882718000 	C:\WINDOWS\System32\combase.dll
0x00007ff87f370000 - 0x00007ff87f3e2000 	C:\WINDOWS\System32\bcryptPrimitives.dll
0x00007ff882340000 - 0x00007ff88236d000 	C:\WINDOWS\System32\IMM32.DLL
0x000000006f5a0000 - 0x000000006f672000 	C:\Program Files\Java\jdk1.8.0_51\jre\bin\msvcr100.dll
0x000000006dac0000 - 0x000000006e343000 	C:\Program Files\Java\jdk1.8.0_51\jre\bin\server\jvm.dll
0x00007ff882010000 - 0x00007ff882018000 	C:\WINDOWS\System32\PSAPI.DLL
0x00007ff87d050000 - 0x00007ff87d073000 	C:\WINDOWS\SYSTEM32\WINMM.dll
0x00007ff876e20000 - 0x00007ff876e2a000 	C:\WINDOWS\SYSTEM32\VERSION.dll
0x00007ff865d70000 - 0x00007ff865d79000 	C:\WINDOWS\SYSTEM32\WSOCK32.dll
0x00007ff882ac0000 - 0x00007ff882b2c000 	C:\WINDOWS\System32\WS2_32.dll
0x00007ff87d020000 - 0x00007ff87d04a000 	C:\WINDOWS\SYSTEM32\WINMMBASE.dll
0x00007ff87fd00000 - 0x00007ff87fd4a000 	C:\WINDOWS\System32\cfgmgr32.dll
0x000000006f590000 - 0x000000006f59f000 	C:\Program Files\Java\jdk1.8.0_51\jre\bin\verify.dll
0x000000006f560000 - 0x000000006f589000 	C:\Program Files\Java\jdk1.8.0_51\jre\bin\java.dll
0x000000006f540000 - 0x000000006f556000 	C:\Program Files\Java\jdk1.8.0_51\jre\bin\zip.dll
0x00007ff880660000 - 0x00007ff881a96000 	C:\WINDOWS\System32\SHELL32.dll
0x00007ff8805b0000 - 0x00007ff880656000 	C:\WINDOWS\System32\shcore.dll
0x00007ff87f410000 - 0x00007ff87fb57000 	C:\WINDOWS\System32\windows.storage.dll
0x00007ff882c20000 - 0x00007ff882c71000 	C:\WINDOWS\System32\shlwapi.dll
0x00007ff87f2c0000 - 0x00007ff87f2d1000 	C:\WINDOWS\System32\kernel.appcore.dll
0x00007ff87f2e0000 - 0x00007ff87f32c000 	C:\WINDOWS\System32\powrprof.dll
0x00007ff87f330000 - 0x00007ff87f34b000 	C:\WINDOWS\System32\profapi.dll
0x000000006f520000 - 0x000000006f53a000 	C:\Program Files\Java\jdk1.8.0_51\jre\bin\net.dll
0x00007ff87eb50000 - 0x00007ff87ebb6000 	C:\WINDOWS\system32\mswsock.dll
0x000000006f500000 - 0x000000006f511000 	C:\Program Files\Java\jdk1.8.0_51\jre\bin\nio.dll
0x00007ff873050000 - 0x00007ff873218000 	C:\WINDOWS\SYSTEM32\dbghelp.dll

VM Arguments:
java_command: org.jetbrains.kotlin.cli.jvm.K2JVMCompiler -Xallow-no-source-files -classpath C:\Users\Jack\.gradle\caches\modules-2\files-2.1\org.jetbrains.kotlin\kotlin-android-extensions-runtime\1.3.50\bec16087637a7cafe54894e73d38037977cb30d2\kotlin-android-extensions-runtime-1.3.50.jar;C:\Users\Jack\.gradle\caches\modules-2\files-2.1\org.jetbrains.kotlin\kotlin-stdlib-jdk7\1.3.50\50ad05ea1c2595fb31b800e76db464d08d599af3\kotlin-stdlib-jdk7-1.3.50.jar;C:\Users\Jack\.gradle\caches\transforms-2\files-2.1\baf6a09ea1fab5ebe94dc18f73e6f547\core-ktx-1.0.2-api.jar;C:\Users\Jack\.gradle\caches\modules-2\files-2.1\org.jetbrains.kotlin\kotlin-stdlib\1.3.50\b529d1738c7e98bbfa36a4134039528f2ce78ebf\kotlin-stdlib-1.3.50.jar;C:\Users\Jack\.gradle\caches\modules-2\files-2.1\org.jetbrains.kotlin\kotlin-stdlib-common\1.3.50\3d9cd3e1bc7b92e95f43d45be3bfbcf38e36ab87\kotlin-stdlib-common-1.3.50.jar;C:\Users\Jack\.gradle\caches\modules-2\files-2.1\org.jetbrains\annotations\13.0\919f0dfe192fb4e063e7dacadee7f8bb9a2672a9\annotations-13.0.jar;C:\Users\Jack\.gradle\caches\transforms-2\files-2.1\fff8a16dfb870bc1af7fdeab1f555e65\appcompat-1.0.2-api.jar;C:\Users\Jack\.gradle\caches\transforms-2\files-2.1\1c760db8877a49bfa7232ddd9f01bb32\fragment-1.0.0-api.jar;C:\Users\Jack\.gradle\caches\transforms-2\files-2.1\f8352427d5deb2bae3695048fb509031\vectordrawable-animated-1.0.0-api.jar;C:\Users\Jack\.gradle\caches\transforms-2\files-2.1\5b087043fcd079bb93a09c246576294e\legacy-support-core-ui-1.0.0-api.jar;C:\Users\Jack\.gradle\caches\transforms-2\files-2.1\e0b37d9403497232bc7ad39171c5ce93\legacy-support-core-utils-1.0.0-api.jar;C:\Users\Jack\.gradle\caches\transforms-2\files-2.1\a6a2130e9caa9ebfd566f5d75cb4e491\vectordrawable-1.0.1-api.jar;C:\Users\Jack\.gradle\caches\transforms-2\files-2.1\45f8209ee39e13f3cab9d7b0e8f651dd\loader-1.0.0-api.jar;C:\Users\Jack\.gradle\caches\transforms-2\files-2.1\030ed8ffbf8d3c58633260185d89ea67\viewpager-1.0.0-api.jar;C:\Users\Jack\.gradle\caches\transforms-2\files-
java_class_path (initial): C:\Users\Jack\.gradle\caches\modules-2\files-2.1\org.jetbrains.kotlin\kotlin-compiler-embeddable\1.3.50\1251c1768e5769b06c2487d6f6cf8acf6efb8960\kotlin-compiler-embeddable-1.3.50.jar;C:\Users\Jack\.gradle\caches\modules-2\files-2.1\org.jetbrains.kotlin\kotlin-reflect\1.3.50\b499f22fd7c3e9c2e5b6c4005221fa47fc7f9a7a\kotlin-reflect-1.3.50.jar;C:\Users\Jack\.gradle\caches\modules-2\files-2.1\org.jetbrains.kotlin\kotlin-stdlib\1.3.50\b529d1738c7e98bbfa36a4134039528f2ce78ebf\kotlin-stdlib-1.3.50.jar;C:\Users\Jack\.gradle\caches\modules-2\files-2.1\org.jetbrains.kotlin\kotlin-script-runtime\1.3.50\59492b8dfb92522ba0ddb5dd1c4d0ef0a4fca1af\kotlin-script-runtime-1.3.50.jar;C:\Users\Jack\.gradle\caches\modules-2\files-2.1\org.jetbrains.kotlin\kotlin-daemon-embeddable\1.3.50\5cb93bb33f4c6f833ead0beca4c831668e00cf52\kotlin-daemon-embeddable-1.3.50.jar;C:\Users\Jack\.gradle\caches\modules-2\files-2.1\org.jetbrains.intellij.deps\trove4j\1.0.20181211\216c2e14b070f334479d800987affe4054cd563f\trove4j-1.0.20181211.jar;C:\Users\Jack\.gradle\caches\modules-2\files-2.1\org.jetbrains.kotlin\kotlin-stdlib-common\1.3.50\3d9cd3e1bc7b92e95f43d45be3bfbcf38e36ab87\kotlin-stdlib-common-1.3.50.jar;C:\Users\Jack\.gradle\caches\modules-2\files-2.1\org.jetbrains\annotations\13.0\919f0dfe192fb4e063e7dacadee7f8bb9a2672a9\annotations-13.0.jar;C:\Program Files\Java\jdk1.8.0_51\lib\tools.jar
Launcher Type: SUN_STANDARD

Environment Variables:
JAVA_HOME=C:\Program Files\Java\jdk1.8.0_51
PATH=C:\MINGW\BIN;C:\MINGW\MSYS\1.0\BIN;C:\PROGRAMDATA\ORACLE\JAVA\JAVAPATH;C:\WINDOWS\SYSTEM32;C:\WINDOWS;C:\WINDOWS\SYSTEM32\WBEM;C:\WINDOWS\SYSTEM32\WINDOWSPOWERSHELL\V1.0\;C:\PROGRAM FILES (X86)\ATI TECHNOLOGIES\ATI.ACE\CORE-STATIC;C:\PYTHON27\;C:\PYTHON27\SCRIPTS\;C:\PROGRAM FILES\MICROSOFT SQL SERVER\130\TOOLS\BINN\;C:\PROGRAM FILES (X86)\WINDOWS KITS\10\WINDOWS PERFORMANCE TOOLKIT\;C:\WINDOWS\SYSTEM32;C:\WINDOWS;C:\WINDOWS\SYSTEM32\WBEM;C:\WINDOWS\SYSTEM32\WINDOWSPOWERSHELL\V1.0\;C:\PROGRAM FILES (X86)\GTKSHARP\2.12\BIN;C:\USERS\JACK\APPDATA\LOCAL\ANDROID\SDK\PLATFORM-TOOLS;C:\USERS\JACK\APPDATA\LOCAL\ANDROID\SDK\TOOLS;C:\PROGRAM FILES\NODEJS\;C:\PROGRAM FILES\AMAZON\AWSCLI\BIN\;C:\PROGRAM FILES\MICROSOFT VS CODE\BIN;C:\PROGRAM FILES\GIT\CMD;;C:\Program Files\WIDCOMM\Bluetooth Software\;C:\Program Files\WIDCOMM\Bluetooth Software\syswow64;C:\Users\Jack\AppData\Local\Programs\Python\Python38-32\Scripts\;C:\Users\Jack\AppData\Local\Programs\Python\Python38-32\;C:\Ruby24-x64\bin;C:\Program Files\Git\bin;C:\Program Files\Git\cmd;C:\Program Files\MongoDB\Server\3.6\bin;C:\Ruby24-x64\bin;C:\Users\Jack\AppData\Local\Google\Cloud SDK\google-cloud-sdk\bin;C:\Users\Jack\AppData\Roaming\npm;C:\Users\Jack\Anaconda3;C:\Users\Jack\Anaconda3\Scripts;C:\Program Files\heroku\bin
USERNAME=Jack
OS=Windows_NT
PROCESSOR_IDENTIFIER=Intel64 Family 6 Model 42 Stepping 7, GenuineIntel



---------------  S Y S T E M  ---------------

OS: Windows 10.0 , 64 bit Build 16299 (10.0.16299.15)

CPU:total 4 (2 cores per cpu, 2 threads per core) family 6 model 42 stepping 7, cmov, cx8, fxsr, mmx, sse, sse2, sse3, ssse3, sse4.1, sse4.2, popcnt, avx, aes, clmul, ht, tsc, tscinvbit

Memory: 4k page, physical 8302444k(541904k free), swap 10257260k(4184k free)

vm_info: Java HotSpot(TM) 64-Bit Server VM (25.51-b03) for windows-amd64 JRE (1.8.0_51-b16), built on Jun  8 2015 18:03:07 by "java_re" with MS VC++ 10.0 (VS2010)

time: Fri Mar 06 09:27:47 2020
elapsed time: 3 seconds (0d 0h 0m 3s)

