#
# There is insufficient memory for the Java Runtime Environment to continue.
# Native memory allocation (malloc) failed to allocate 1926016 bytes for Chunk::new
# Possible reasons:
#   The system is out of physical RAM or swap space
#   In 32 bit mode, the process size limit was hit
# Possible solutions:
#   Reduce memory load on the system
#   Increase physical memory or swap space
#   Check if swap backing store is full
#   Use 64 bit Java on a 64 bit OS
#   Decrease Java heap size (-Xmx/-Xms)
#   Decrease number of Java threads
#   Decrease Java thread stack sizes (-Xss)
#   Set larger code cache with -XX:ReservedCodeCacheSize=
# This output file may be truncated or incomplete.
#
#  Out of Memory Error (allocation.cpp:390), pid=6652, tid=14220
#
# JRE version: Java(TM) SE Runtime Environment (8.0_51-b16) (build 1.8.0_51-b16)
# Java VM: Java HotSpot(TM) 64-Bit Server VM (25.51-b03 mixed mode windows-amd64 compressed oops)
# Failed to write core dump. Minidumps are not enabled by default on client versions of Windows
#

---------------  T H R E A D  ---------------

Current thread (0x00000000199b3000):  JavaThread "C2 CompilerThread0" daemon [_thread_in_native, id=14220, stack(0x000000001b010000,0x000000001b110000)]

Stack: [0x000000001b010000,0x000000001b110000]
Native frames: (J=compiled Java code, j=interpreted, Vv=VM code, C=native code)
V  [jvm.dll+0x32b4ca]
V  [jvm.dll+0x2797e3]
V  [jvm.dll+0x27a479]
V  [jvm.dll+0x271765]
V  [jvm.dll+0xcba02]
V  [jvm.dll+0xcbecc]
V  [jvm.dll+0x476f72]
V  [jvm.dll+0x4b95ff]
V  [jvm.dll+0x46bb38]
V  [jvm.dll+0x46cd4e]
V  [jvm.dll+0x4501a2]
V  [jvm.dll+0xa43a2]
V  [jvm.dll+0xa4cdf]
V  [jvm.dll+0x2418a4]
V  [jvm.dll+0x29846a]
C  [msvcr100.dll+0x21d9f]
C  [msvcr100.dll+0x21e3b]
C  [KERNEL32.DLL+0x11fe4]
C  [ntdll.dll+0x6efc1]


Current CompileTask:
C2:   7669 1895       4       java.net.URLClassLoader$1::run (5 bytes)


---------------  P R O C E S S  ---------------

Java Threads: ( => current thread )
  0x0000000019a0e000 JavaThread "Service Thread" daemon [_thread_blocked, id=3904, stack(0x000000001b710000,0x000000001b810000)]
  0x00000000199b8800 JavaThread "C1 CompilerThread2" daemon [_thread_blocked, id=12356, stack(0x000000001b210000,0x000000001b310000)]
  0x00000000199b5800 JavaThread "C2 CompilerThread1" daemon [_thread_in_native, id=7592, stack(0x000000001b110000,0x000000001b210000)]
=>0x00000000199b3000 JavaThread "C2 CompilerThread0" daemon [_thread_in_native, id=14220, stack(0x000000001b010000,0x000000001b110000)]
  0x00000000199b1800 JavaThread "Attach Listener" daemon [_thread_blocked, id=8536, stack(0x000000001af10000,0x000000001b010000)]
  0x00000000199b0800 JavaThread "Signal Dispatcher" daemon [_thread_blocked, id=13160, stack(0x000000001ae10000,0x000000001af10000)]
  0x0000000004e3c800 JavaThread "Finalizer" daemon [_thread_blocked, id=13856, stack(0x000000001ac10000,0x000000001ad10000)]
  0x0000000019979000 JavaThread "Reference Handler" daemon [_thread_blocked, id=8196, stack(0x000000001ab10000,0x000000001ac10000)]
  0x0000000004d44800 JavaThread "main" [_thread_in_Java, id=7024, stack(0x0000000004c40000,0x0000000004d40000)]

Other Threads:
  0x0000000019977000 VMThread [stack: 0x000000001aa10000,0x000000001ab10000] [id=12540]
  0x000000001b33e800 WatcherThread [stack: 0x000000001b810000,0x000000001b910000] [id=10208]

VM state:not at safepoint (normal execution)

VM Mutex/Monitor currently owned by a thread: None

Heap:
 PSYoungGen      total 38400K, used 21935K [0x00000000d5c00000, 0x00000000d8680000, 0x0000000100000000)
  eden space 33280K, 65% used [0x00000000d5c00000,0x00000000d716be10,0x00000000d7c80000)
  from space 5120K, 0% used [0x00000000d7c80000,0x00000000d7c80000,0x00000000d8180000)
  to   space 5120K, 0% used [0x00000000d8180000,0x00000000d8180000,0x00000000d8680000)
 ParOldGen       total 61952K, used 8324K [0x0000000081400000, 0x0000000085080000, 0x00000000d5c00000)
  object space 61952K, 13% used [0x0000000081400000,0x0000000081c21088,0x0000000085080000)
 Metaspace       used 22186K, capacity 22588K, committed 22832K, reserved 1069056K
  class space    used 2715K, capacity 2860K, committed 2944K, reserved 1048576K

Card table byte_map: [0x0000000014200000,0x0000000014600000] byte_map_base: 0x0000000013df6000

Marking Bits: (ParMarkBitMap*) 0x000000006e2c4040
 Begin Bits: [0x0000000014cb0000, 0x0000000016c60000)
 End Bits:   [0x0000000016c60000, 0x0000000018c10000)

Polling page: 0x0000000002e40000

CodeCache: size=245760Kb used=6052Kb max_used=6054Kb free=239707Kb
 bounds [0x0000000004e40000, 0x0000000005430000, 0x0000000013e40000]
 total_blobs=2306 nmethods=1896 adapters=322
 compilation: enabled

Compilation events (10 events):
Event: 7.495 Thread 0x00000000199b8800 1896   !   3       java.util.WeakHashMap::expungeStaleEntries (139 bytes)
Event: 7.496 Thread 0x00000000199b8800 nmethod 1896 0x000000000542b110 code [0x000000000542b2e0, 0x000000000542bde8]
Event: 7.501 Thread 0x00000000199b8800 1897       3       java.lang.ReflectiveOperationException::<init> (7 bytes)
Event: 7.501 Thread 0x00000000199b8800 nmethod 1897 0x000000000542acd0 code [0x000000000542ae40, 0x000000000542b028]
Event: 7.501 Thread 0x00000000199b8800 1898       3       java.lang.Exception::<init> (7 bytes)
Event: 7.502 Thread 0x00000000199b8800 nmethod 1898 0x000000000542a950 code [0x000000000542aac0, 0x000000000542ac48]
Event: 7.517 Thread 0x00000000199b8800 1899       1       org.jetbrains.kotlin.com.intellij.psi.tree.IElementType::getIndex (5 bytes)
Event: 7.517 Thread 0x00000000199b8800 nmethod 1899 0x000000000542a690 code [0x000000000542a7e0, 0x000000000542a8f0]
Event: 7.647 Thread 0x00000000199b8800 1901       3       java.lang.Package::<init> (56 bytes)
Event: 7.648 Thread 0x00000000199b8800 nmethod 1901 0x000000000542a210 code [0x000000000542a360, 0x000000000542a5d0]

GC Heap History (8 events):
Event: 3.457 GC heap before
{Heap before GC invocations=1 (full 0):
 PSYoungGen      total 38400K, used 33280K [0x00000000d5c00000, 0x00000000d8680000, 0x0000000100000000)
  eden space 33280K, 100% used [0x00000000d5c00000,0x00000000d7c80000,0x00000000d7c80000)
  from space 5120K, 0% used [0x00000000d8180000,0x00000000d8180000,0x00000000d8680000)
  to   space 5120K, 0% used [0x00000000d7c80000,0x00000000d7c80000,0x00000000d8180000)
 ParOldGen       total 87552K, used 0K [0x0000000081400000, 0x0000000086980000, 0x00000000d5c00000)
  object space 87552K, 0% used [0x0000000081400000,0x0000000081400000,0x0000000086980000)
 Metaspace       used 10230K, capacity 10332K, committed 10496K, reserved 1058816K
  class space    used 1149K, capacity 1212K, committed 1280K, reserved 1048576K
Event: 3.512 GC heap after
Heap after GC invocations=1 (full 0):
 PSYoungGen      total 38400K, used 5119K [0x00000000d5c00000, 0x00000000d8680000, 0x0000000100000000)
  eden space 33280K, 0% used [0x00000000d5c00000,0x00000000d5c00000,0x00000000d7c80000)
  from space 5120K, 99% used [0x00000000d7c80000,0x00000000d817fe00,0x00000000d8180000)
  to   space 5120K, 0% used [0x00000000d8180000,0x00000000d8180000,0x00000000d8680000)
 ParOldGen       total 87552K, used 2761K [0x0000000081400000, 0x0000000086980000, 0x00000000d5c00000)
  object space 87552K, 3% used [0x0000000081400000,0x00000000816b2528,0x0000000086980000)
 Metaspace       used 10230K, capacity 10332K, committed 10496K, reserved 1058816K
  class space    used 1149K, capacity 1212K, committed 1280K, reserved 1048576K
}
Event: 6.069 GC heap before
{Heap before GC invocations=2 (full 0):
 PSYoungGen      total 38400K, used 38399K [0x00000000d5c00000, 0x00000000d8680000, 0x0000000100000000)
  eden space 33280K, 100% used [0x00000000d5c00000,0x00000000d7c80000,0x00000000d7c80000)
  from space 5120K, 99% used [0x00000000d7c80000,0x00000000d817fe00,0x00000000d8180000)
  to   space 5120K, 0% used [0x00000000d8180000,0x00000000d8180000,0x00000000d8680000)
 ParOldGen       total 87552K, used 2761K [0x0000000081400000, 0x0000000086980000, 0x00000000d5c00000)
  object space 87552K, 3% used [0x0000000081400000,0x00000000816b2528,0x0000000086980000)
 Metaspace       used 16703K, capacity 17092K, committed 17280K, reserved 1064960K
  class space    used 1985K, capacity 2083K, committed 2176K, reserved 1048576K
Event: 6.102 GC heap after
Heap after GC invocations=2 (full 0):
 PSYoungGen      total 38400K, used 5104K [0x00000000d5c00000, 0x00000000d8680000, 0x0000000100000000)
  eden space 33280K, 0% used [0x00000000d5c00000,0x00000000d5c00000,0x00000000d7c80000)
  from space 5120K, 99% used [0x00000000d8180000,0x00000000d867c010,0x00000000d8680000)
  to   space 5120K, 0% used [0x00000000d7c80000,0x00000000d7c80000,0x00000000d8180000)
 ParOldGen       total 87552K, used 7955K [0x0000000081400000, 0x0000000086980000, 0x00000000d5c00000)
  object space 87552K, 9% used [0x0000000081400000,0x0000000081bc4fd8,0x0000000086980000)
 Metaspace       used 16703K, capacity 17092K, committed 17280K, reserved 1064960K
  class space    used 1985K, capacity 2083K, committed 2176K, reserved 1048576K
}
Event: 6.663 GC heap before
{Heap before GC invocations=3 (full 0):
 PSYoungGen      total 38400K, used 19882K [0x00000000d5c00000, 0x00000000d8680000, 0x0000000100000000)
  eden space 33280K, 44% used [0x00000000d5c00000,0x00000000d6a6ea80,0x00000000d7c80000)
  from space 5120K, 99% used [0x00000000d8180000,0x00000000d867c010,0x00000000d8680000)
  to   space 5120K, 0% used [0x00000000d7c80000,0x00000000d7c80000,0x00000000d8180000)
 ParOldGen       total 87552K, used 7955K [0x0000000081400000, 0x0000000086980000, 0x00000000d5c00000)
  object space 87552K, 9% used [0x0000000081400000,0x0000000081bc4fd8,0x0000000086980000)
 Metaspace       used 20819K, capacity 21162K, committed 21296K, reserved 1069056K
  class space    used 2516K, capacity 2655K, committed 2688K, reserved 1048576K
Event: 6.675 GC heap after
Heap after GC invocations=3 (full 0):
 PSYoungGen      total 38400K, used 5092K [0x00000000d5c00000, 0x00000000d8680000, 0x0000000100000000)
  eden space 33280K, 0% used [0x00000000d5c00000,0x00000000d5c00000,0x00000000d7c80000)
  from space 5120K, 99% used [0x00000000d7c80000,0x00000000d8179030,0x00000000d8180000)
  to   space 5120K, 0% used [0x00000000d8180000,0x00000000d8180000,0x00000000d8680000)
 ParOldGen       total 87552K, used 11318K [0x0000000081400000, 0x0000000086980000, 0x00000000d5c00000)
  object space 87552K, 12% used [0x0000000081400000,0x0000000081f0d838,0x0000000086980000)
 Metaspace       used 20819K, capacity 21162K, committed 21296K, reserved 1069056K
  class space    used 2516K, capacity 2655K, committed 2688K, reserved 1048576K
}
Event: 6.675 GC heap before
{Heap before GC invocations=4 (full 1):
 PSYoungGen      total 38400K, used 5092K [0x00000000d5c00000, 0x00000000d8680000, 0x0000000100000000)
  eden space 33280K, 0% used [0x00000000d5c00000,0x00000000d5c00000,0x00000000d7c80000)
  from space 5120K, 99% used [0x00000000d7c80000,0x00000000d8179030,0x00000000d8180000)
  to   space 5120K, 0% used [0x00000000d8180000,0x00000000d8180000,0x00000000d8680000)
 ParOldGen       total 87552K, used 11318K [0x0000000081400000, 0x0000000086980000, 0x00000000d5c00000)
  object space 87552K, 12% used [0x0000000081400000,0x0000000081f0d838,0x0000000086980000)
 Metaspace       used 20819K, capacity 21162K, committed 21296K, reserved 1069056K
  class space    used 2516K, capacity 2655K, committed 2688K, reserved 1048576K
Event: 6.758 GC heap after
Heap after GC invocations=4 (full 1):
 PSYoungGen      total 38400K, used 0K [0x00000000d5c00000, 0x00000000d8680000, 0x0000000100000000)
  eden space 33280K, 0% used [0x00000000d5c00000,0x00000000d5c00000,0x00000000d7c80000)
  from space 5120K, 0% used [0x00000000d7c80000,0x00000000d7c80000,0x00000000d8180000)
  to   space 5120K, 0% used [0x00000000d8180000,0x00000000d8180000,0x00000000d8680000)
 ParOldGen       total 61952K, used 8324K [0x0000000081400000, 0x0000000085080000, 0x00000000d5c00000)
  object space 61952K, 13% used [0x0000000081400000,0x0000000081c21088,0x0000000085080000)
 Metaspace       used 20819K, capacity 21162K, committed 21296K, reserved 1069056K
  class space    used 2516K, capacity 2655K, committed 2688K, reserved 1048576K
}

Deoptimization events (10 events):
Event: 6.603 Thread 0x0000000004d44800 Uncommon trap: reason=unstable_if action=reinterpret pc=0x000000000538a148 method=jdk.internal.org.objectweb.asm.ByteVector.putShort(I)Ljdk/internal/org/objectweb/asm/ByteVector; @ 13
Event: 7.431 Thread 0x0000000004d44800 Uncommon trap: reason=unstable_if action=reinterpret pc=0x0000000005330880 method=java.util.WeakHashMap.expungeStaleEntries()V @ 9
Event: 7.631 Thread 0x0000000004d44800 Uncommon trap: reason=bimorphic action=maybe_recompile pc=0x0000000005414764 method=gnu.trove.TObjectHash.computeHashCode(Ljava/lang/Object;)I @ 5
Event: 7.631 Thread 0x0000000004d44800 Uncommon trap: reason=bimorphic action=maybe_recompile pc=0x0000000005414764 method=gnu.trove.TObjectHash.computeHashCode(Ljava/lang/Object;)I @ 5
Event: 7.631 Thread 0x0000000004d44800 Uncommon trap: reason=class_check action=maybe_recompile pc=0x000000000540a648 method=gnu.trove.TObjectHash.equals(Ljava/lang/Object;Ljava/lang/Object;)Z @ 6
Event: 7.633 Thread 0x0000000004d44800 Uncommon trap: reason=bimorphic action=maybe_recompile pc=0x0000000005414764 method=gnu.trove.TObjectHash.computeHashCode(Ljava/lang/Object;)I @ 5
Event: 7.633 Thread 0x0000000004d44800 Uncommon trap: reason=bimorphic action=maybe_recompile pc=0x0000000005414764 method=gnu.trove.TObjectHash.computeHashCode(Ljava/lang/Object;)I @ 5
Event: 7.633 Thread 0x0000000004d44800 Uncommon trap: reason=class_check action=maybe_recompile pc=0x000000000540a648 method=gnu.trove.TObjectHash.equals(Ljava/lang/Object;Ljava/lang/Object;)Z @ 6
Event: 7.633 Thread 0x0000000004d44800 Uncommon trap: reason=class_check action=maybe_recompile pc=0x000000000540a648 method=gnu.trove.TObjectHash.equals(Ljava/lang/Object;Ljava/lang/Object;)Z @ 6
Event: 7.633 Thread 0x0000000004d44800 Uncommon trap: reason=class_check action=maybe_recompile pc=0x000000000540a648 method=gnu.trove.TObjectHash.equals(Ljava/lang/Object;Ljava/lang/Object;)Z @ 6

Internal exceptions (10 events):
Event: 1.974 Thread 0x0000000004d44800 Exception <a 'java/security/PrivilegedActionException'> (0x00000000d6d8b3c0) thrown at [C:\re\workspace\8-2-build-windows-amd64-cygwin\jdk8u51\3951\hotspot\src\share\vm\prims\jvm.cpp, line 1382]
Event: 1.974 Thread 0x0000000004d44800 Exception <a 'java/security/PrivilegedActionException'> (0x00000000d6d8b898) thrown at [C:\re\workspace\8-2-build-windows-amd64-cygwin\jdk8u51\3951\hotspot\src\share\vm\prims\jvm.cpp, line 1382]
Event: 2.940 Thread 0x0000000004d44800 Exception <a 'java/lang/ArrayIndexOutOfBoundsException'> (0x00000000d76c0920) thrown at [C:\re\workspace\8-2-build-windows-amd64-cygwin\jdk8u51\3951\hotspot\src\share\vm\runtime\sharedRuntime.cpp, line 605]
Event: 4.059 Thread 0x0000000004d44800 Exception <a 'java/lang/ArrayIndexOutOfBoundsException'> (0x00000000d6016b90) thrown at [C:\re\workspace\8-2-build-windows-amd64-cygwin\jdk8u51\3951\hotspot\src\share\vm\runtime\sharedRuntime.cpp, line 605]
Event: 5.888 Thread 0x0000000004d44800 Implicit null exception at 0x00000000050bd16f to 0x00000000050bd1d9
Event: 5.976 Thread 0x0000000004d44800 Exception <a 'java/lang/NoSuchMethodError': java.lang.Object.lambda$comparing$77a9974f$1(Ljava/util/function/Function;Ljava/lang/Object;Ljava/lang/Object;)I> (0x00000000d79da4d0) thrown at [C:\re\workspace\8-2-build-windows-amd64-cygwin\jdk8u51\3951\hotspo´⁄/∞|¸@
Event: 5.997 Thread 0x0000000004d44800 Exception <a 'java/lang/NoSuchMethodError': java.lang.Object.lambda$static$0()J> (0x00000000d7ad1418) thrown at [C:\re\workspace\8-2-build-windows-amd64-cygwin\jdk8u51\3951\hotspot\src\share\vm\interpreter\linkResolver.cpp, line 582]
Event: 6.360 Thread 0x0000000004d44800 Exception <a 'java/lang/NoSuchMethodError': java.lang.Object.lambda$static$0(I)[Lorg/jetbrains/kotlin/com/intellij/openapi/editor/event/DocumentListener;> (0x00000000d619f5f8) thrown at [C:\re\workspace\8-2-build-windows-amd64-cygwin\jdk8u51\3951\hotspot\s*«\ñ˚ù@
Event: 6.404 Thread 0x0000000004d44800 Exception <a 'java/lang/NoSuchMethodError': java.lang.Object.lambda$static$0(I)[Lorg/jetbrains/kotlin/com/intellij/psi/PsiElement;> (0x00000000d63bc6c0) thrown at [C:\re\workspace\8-2-build-windows-amd64-cygwin\jdk8u51\3951\hotspot\src\share\vm\interpreterrë¿$ü@
Event: 6.405 Thread 0x0000000004d44800 Exception <a 'java/lang/NoSuchMethodError': java.lang.Object.lambda$static$0(I)[Lorg/jetbrains/kotlin/com/intellij/psi/PsiAnnotation;> (0x00000000d63bf750) thrown at [C:\re\workspace\8-2-build-windows-amd64-cygwin\jdk8u51\3951\hotspot\src\share\vm\interpre•—(oeñˇ?

Events (10 events):
Event: 7.639 loading class org/jetbrains/kotlin/util/slicedMap/SlicedMapImpl
Event: 7.639 loading class org/jetbrains/kotlin/util/slicedMap/SlicedMapImpl done
Event: 7.639 loading class org/jetbrains/kotlin/util/slicedMap/KeyWithSlice
Event: 7.639 loading class org/jetbrains/kotlin/util/slicedMap/KeyWithSlice done
Event: 7.640 loading class org/jetbrains/kotlin/resolve/BindingTraceContext$1
Event: 7.640 loading class org/jetbrains/kotlin/resolve/BindingTraceContext$1 done
Event: 7.646 loading class org/jetbrains/kotlin/util/slicedMap/WritableSlice
Event: 7.646 loading class org/jetbrains/kotlin/util/slicedMap/WritableSlice done
Event: 7.647 loading class org/jetbrains/kotlin/resolve/diagnostics/Diagnostics
Event: 7.647 loading class org/jetbrains/kotlin/resolve/diagnostics/Diagnostics done


Dynamic libraries:
0x00007ff675680000 - 0x00007ff6756b7000 	C:\Program Files\Java\jdk1.8.0_51\jre\bin\java.exe
0x00007ff882f70000 - 0x00007ff883150000 	C:\WINDOWS\SYSTEM32\ntdll.dll
0x00007ff881aa0000 - 0x00007ff881b4e000 	C:\WINDOWS\System32\KERNEL32.DLL
0x00007ff87ff60000 - 0x00007ff8801c6000 	C:\WINDOWS\System32\KERNELBASE.dll
0x00007ff882a10000 - 0x00007ff882ab1000 	C:\WINDOWS\System32\ADVAPI32.dll
0x00007ff882720000 - 0x00007ff8827bd000 	C:\WINDOWS\System32\msvcrt.dll
0x00007ff882020000 - 0x00007ff88207b000 	C:\WINDOWS\System32\sechost.dll
0x00007ff882e10000 - 0x00007ff882f2f000 	C:\WINDOWS\System32\RPCRT4.dll
0x00007ff882c80000 - 0x00007ff882e0f000 	C:\WINDOWS\System32\USER32.dll
0x00007ff87f3f0000 - 0x00007ff87f410000 	C:\WINDOWS\System32\win32u.dll
0x00007ff8829e0000 - 0x00007ff882a08000 	C:\WINDOWS\System32\GDI32.dll
0x00007ff87fb60000 - 0x00007ff87fcf3000 	C:\WINDOWS\System32\gdi32full.dll
0x00007ff8803a0000 - 0x00007ff88043b000 	C:\WINDOWS\System32\msvcp_win.dll
0x00007ff87fd50000 - 0x00007ff87fe46000 	C:\WINDOWS\System32\ucrtbase.dll
0x00007ff8714b0000 - 0x00007ff871719000 	C:\WINDOWS\WinSxS\amd64_microsoft.windows.common-controls_6595b64144ccf1df_6.0.16299.248_none_15ced204935f55d7\COMCTL32.dll
0x00007ff882410000 - 0x00007ff882718000 	C:\WINDOWS\System32\combase.dll
0x00007ff87f370000 - 0x00007ff87f3e2000 	C:\WINDOWS\System32\bcryptPrimitives.dll
0x00007ff882340000 - 0x00007ff88236d000 	C:\WINDOWS\System32\IMM32.DLL
0x000000006f5a0000 - 0x000000006f672000 	C:\Program Files\Java\jdk1.8.0_51\jre\bin\msvcr100.dll
0x000000006dac0000 - 0x000000006e343000 	C:\Program Files\Java\jdk1.8.0_51\jre\bin\server\jvm.dll
0x00007ff882010000 - 0x00007ff882018000 	C:\WINDOWS\System32\PSAPI.DLL
0x00007ff87d050000 - 0x00007ff87d073000 	C:\WINDOWS\SYSTEM32\WINMM.dll
0x00007ff876e20000 - 0x00007ff876e2a000 	C:\WINDOWS\SYSTEM32\VERSION.dll
0x00007ff865d70000 - 0x00007ff865d79000 	C:\WINDOWS\SYSTEM32\WSOCK32.dll
0x00007ff882ac0000 - 0x00007ff882b2c000 	C:\WINDOWS\System32\WS2_32.dll
0x00007ff87d020000 - 0x00007ff87d04a000 	C:\WINDOWS\SYSTEM32\WINMMBASE.dll
0x00007ff87fd00000 - 0x00007ff87fd4a000 	C:\WINDOWS\System32\cfgmgr32.dll
0x000000006f590000 - 0x000000006f59f000 	C:\Program Files\Java\jdk1.8.0_51\jre\bin\verify.dll
0x000000006f560000 - 0x000000006f589000 	C:\Program Files\Java\jdk1.8.0_51\jre\bin\java.dll
0x000000006f540000 - 0x000000006f556000 	C:\Program Files\Java\jdk1.8.0_51\jre\bin\zip.dll
0x00007ff880660000 - 0x00007ff881a96000 	C:\WINDOWS\System32\SHELL32.dll
0x00007ff8805b0000 - 0x00007ff880656000 	C:\WINDOWS\System32\shcore.dll
0x00007ff87f410000 - 0x00007ff87fb57000 	C:\WINDOWS\System32\windows.storage.dll
0x00007ff882c20000 - 0x00007ff882c71000 	C:\WINDOWS\System32\shlwapi.dll
0x00007ff87f2c0000 - 0x00007ff87f2d1000 	C:\WINDOWS\System32\kernel.appcore.dll
0x00007ff87f2e0000 - 0x00007ff87f32c000 	C:\WINDOWS\System32\powrprof.dll
0x00007ff87f330000 - 0x00007ff87f34b000 	C:\WINDOWS\System32\profapi.dll
0x000000006f520000 - 0x000000006f53a000 	C:\Program Files\Java\jdk1.8.0_51\jre\bin\net.dll
0x00007ff87eb50000 - 0x00007ff87ebb6000 	C:\WINDOWS\system32\mswsock.dll
0x000000006f500000 - 0x000000006f511000 	C:\Program Files\Java\jdk1.8.0_51\jre\bin\nio.dll
0x00007ff873050000 - 0x00007ff873218000 	C:\WINDOWS\SYSTEM32\dbghelp.dll

VM Arguments:
java_command: org.jetbrains.kotlin.cli.jvm.K2JVMCompiler -Xallow-no-source-files -classpath C:\Users\Jack\.gradle\caches\modules-2\files-2.1\org.jetbrains.kotlin\kotlin-android-extensions-runtime\1.3.50\bec16087637a7cafe54894e73d38037977cb30d2\kotlin-android-extensions-runtime-1.3.50.jar;C:\Users\Jack\.gradle\caches\modules-2\files-2.1\org.jetbrains.kotlin\kotlin-stdlib-jdk7\1.3.50\50ad05ea1c2595fb31b800e76db464d08d599af3\kotlin-stdlib-jdk7-1.3.50.jar;C:\Users\Jack\.gradle\caches\transforms-2\files-2.1\baf6a09ea1fab5ebe94dc18f73e6f547\core-ktx-1.0.2-api.jar;C:\Users\Jack\.gradle\caches\modules-2\files-2.1\org.jetbrains.kotlin\kotlin-stdlib\1.3.50\b529d1738c7e98bbfa36a4134039528f2ce78ebf\kotlin-stdlib-1.3.50.jar;C:\Users\Jack\.gradle\caches\modules-2\files-2.1\org.jetbrains.kotlin\kotlin-stdlib-common\1.3.50\3d9cd3e1bc7b92e95f43d45be3bfbcf38e36ab87\kotlin-stdlib-common-1.3.50.jar;C:\Users\Jack\.gradle\caches\modules-2\files-2.1\org.jetbrains\annotations\13.0\919f0dfe192fb4e063e7dacadee7f8bb9a2672a9\annotations-13.0.jar;C:\Users\Jack\.gradle\caches\transforms-2\files-2.1\fff8a16dfb870bc1af7fdeab1f555e65\appcompat-1.0.2-api.jar;C:\Users\Jack\.gradle\caches\transforms-2\files-2.1\1c760db8877a49bfa7232ddd9f01bb32\fragment-1.0.0-api.jar;C:\Users\Jack\.gradle\caches\transforms-2\files-2.1\f8352427d5deb2bae3695048fb509031\vectordrawable-animated-1.0.0-api.jar;C:\Users\Jack\.gradle\caches\transforms-2\files-2.1\5b087043fcd079bb93a09c246576294e\legacy-support-core-ui-1.0.0-api.jar;C:\Users\Jack\.gradle\caches\transforms-2\files-2.1\e0b37d9403497232bc7ad39171c5ce93\legacy-support-core-utils-1.0.0-api.jar;C:\Users\Jack\.gradle\caches\transforms-2\files-2.1\a6a2130e9caa9ebfd566f5d75cb4e491\vectordrawable-1.0.1-api.jar;C:\Users\Jack\.gradle\caches\transforms-2\files-2.1\45f8209ee39e13f3cab9d7b0e8f651dd\loader-1.0.0-api.jar;C:\Users\Jack\.gradle\caches\transforms-2\files-2.1\030ed8ffbf8d3c58633260185d89ea67\viewpager-1.0.0-api.jar;C:\Users\Jack\.gradle\caches\transforms-2\files-
java_class_path (initial): C:\Users\Jack\.gradle\caches\modules-2\files-2.1\org.jetbrains.kotlin\kotlin-compiler-embeddable\1.3.50\1251c1768e5769b06c2487d6f6cf8acf6efb8960\kotlin-compiler-embeddable-1.3.50.jar;C:\Users\Jack\.gradle\caches\modules-2\files-2.1\org.jetbrains.kotlin\kotlin-reflect\1.3.50\b499f22fd7c3e9c2e5b6c4005221fa47fc7f9a7a\kotlin-reflect-1.3.50.jar;C:\Users\Jack\.gradle\caches\modules-2\files-2.1\org.jetbrains.kotlin\kotlin-stdlib\1.3.50\b529d1738c7e98bbfa36a4134039528f2ce78ebf\kotlin-stdlib-1.3.50.jar;C:\Users\Jack\.gradle\caches\modules-2\files-2.1\org.jetbrains.kotlin\kotlin-script-runtime\1.3.50\59492b8dfb92522ba0ddb5dd1c4d0ef0a4fca1af\kotlin-script-runtime-1.3.50.jar;C:\Users\Jack\.gradle\caches\modules-2\files-2.1\org.jetbrains.kotlin\kotlin-daemon-embeddable\1.3.50\5cb93bb33f4c6f833ead0beca4c831668e00cf52\kotlin-daemon-embeddable-1.3.50.jar;C:\Users\Jack\.gradle\caches\modules-2\files-2.1\org.jetbrains.intellij.deps\trove4j\1.0.20181211\216c2e14b070f334479d800987affe4054cd563f\trove4j-1.0.20181211.jar;C:\Users\Jack\.gradle\caches\modules-2\files-2.1\org.jetbrains.kotlin\kotlin-stdlib-common\1.3.50\3d9cd3e1bc7b92e95f43d45be3bfbcf38e36ab87\kotlin-stdlib-common-1.3.50.jar;C:\Users\Jack\.gradle\caches\modules-2\files-2.1\org.jetbrains\annotations\13.0\919f0dfe192fb4e063e7dacadee7f8bb9a2672a9\annotations-13.0.jar;C:\Program Files\Java\jdk1.8.0_51\lib\tools.jar
Launcher Type: SUN_STANDARD

Environment Variables:
JAVA_HOME=C:\Program Files\Java\jdk1.8.0_51
PATH=C:\MINGW\BIN;C:\MINGW\MSYS\1.0\BIN;C:\PROGRAMDATA\ORACLE\JAVA\JAVAPATH;C:\WINDOWS\SYSTEM32;C:\WINDOWS;C:\WINDOWS\SYSTEM32\WBEM;C:\WINDOWS\SYSTEM32\WINDOWSPOWERSHELL\V1.0\;C:\PROGRAM FILES (X86)\ATI TECHNOLOGIES\ATI.ACE\CORE-STATIC;C:\PYTHON27\;C:\PYTHON27\SCRIPTS\;C:\PROGRAM FILES\MICROSOFT SQL SERVER\130\TOOLS\BINN\;C:\PROGRAM FILES (X86)\WINDOWS KITS\10\WINDOWS PERFORMANCE TOOLKIT\;C:\WINDOWS\SYSTEM32;C:\WINDOWS;C:\WINDOWS\SYSTEM32\WBEM;C:\WINDOWS\SYSTEM32\WINDOWSPOWERSHELL\V1.0\;C:\PROGRAM FILES (X86)\GTKSHARP\2.12\BIN;C:\USERS\JACK\APPDATA\LOCAL\ANDROID\SDK\PLATFORM-TOOLS;C:\USERS\JACK\APPDATA\LOCAL\ANDROID\SDK\TOOLS;C:\PROGRAM FILES\NODEJS\;C:\PROGRAM FILES\AMAZON\AWSCLI\BIN\;C:\PROGRAM FILES\MICROSOFT VS CODE\BIN;C:\PROGRAM FILES\GIT\CMD;;C:\Program Files\WIDCOMM\Bluetooth Software\;C:\Program Files\WIDCOMM\Bluetooth Software\syswow64;C:\Users\Jack\AppData\Local\Programs\Python\Python38-32\Scripts\;C:\Users\Jack\AppData\Local\Programs\Python\Python38-32\;C:\Ruby24-x64\bin;C:\Program Files\Git\bin;C:\Program Files\Git\cmd;C:\Program Files\MongoDB\Server\3.6\bin;C:\Ruby24-x64\bin;C:\Users\Jack\AppData\Local\Google\Cloud SDK\google-cloud-sdk\bin;C:\Users\Jack\AppData\Roaming\npm;C:\Users\Jack\Anaconda3;C:\Users\Jack\Anaconda3\Scripts;C:\Program Files\heroku\bin
USERNAME=Jack
OS=Windows_NT
PROCESSOR_IDENTIFIER=Intel64 Family 6 Model 42 Stepping 7, GenuineIntel



---------------  S Y S T E M  ---------------

OS: Windows 10.0 , 64 bit Build 16299 (10.0.16299.15)

CPU:total 4 (2 cores per cpu, 2 threads per core) family 6 model 42 stepping 7, cmov, cx8, fxsr, mmx, sse, sse2, sse3, ssse3, sse4.1, sse4.2, popcnt, avx, aes, clmul, ht, tsc, tscinvbit

Memory: 4k page, physical 8302444k(528792k free), swap 10257260k(5356k free)

vm_info: Java HotSpot(TM) 64-Bit Server VM (25.51-b03) for windows-amd64 JRE (1.8.0_51-b16), built on Jun  8 2015 18:03:07 by "java_re" with MS VC++ 10.0 (VS2010)

time: Fri Mar 06 09:25:52 2020
elapsed time: 7 seconds (0d 0h 0m 7s)

